Heap:
 PSYoungGen      total 219136K, used 121200K [0x00000000eed80000, 0x00000000fed00000, 0x0000000100000000)
  eden space 211968K, 57% used [0x00000000eed80000,0x00000000f63b4078,0x00000000fbc80000)
  from space 7168K, 2% used [0x00000000fdf00000,0x00000000fdf28000,0x00000000fe600000)
  to   space 6656K, 0% used [0x00000000fe680000,0x00000000fe680000,0x00000000fed00000)
 ParOldGen       total 35840K, used 13792K [0x00000000cc800000, 0x00000000ceb00000, 0x00000000eed80000)
  object space 35840K, 38% used [0x00000000cc800000,0x00000000cd578268,0x00000000ceb00000)
 Metaspace       used 31558K, capacity 32180K, committed 32432K, reserved 1077248K
  class space    used 3792K, capacity 4001K, committed 4016K, reserved 1048576K
GC Heap History (10 events):
Event: 2604.666 GC heap before
{Heap before GC invocations=38 (full 1):
 PSYoungGen      total 272896K, used 270111K [0x00000000eed80000, 0x00000000fff00000, 0x0000000100000000)
  eden space 266752K, 99% used [0x00000000eed80000,0x00000000ff1e7ef0,0x00000000ff200000)
  from space 6144K, 56% used [0x00000000ff900000,0x00000000ffc60040,0x00000000fff00000)
  to   space 6656K, 0% used [0x00000000ff200000,0x00000000ff200000,0x00000000ff880000)
 ParOldGen       total 35840K, used 13792K [0x00000000cc800000, 0x00000000ceb00000, 0x00000000eed80000)
  object space 35840K, 38% used [0x00000000cc800000,0x00000000cd578268,0x00000000ceb00000)
 Metaspace       used 31554K, capacity 32180K, committed 32432K, reserved 1077248K
  class space    used 3792K, capacity 4001K, committed 4016K, reserved 1048576K
Event: 2604.690 GC heap after
Heap after GC invocations=38 (full 1):
 PSYoungGen      total 255488K, used 576K [0x00000000eed80000, 0x00000000ff980000, 0x0000000100000000)
  eden space 254464K, 0% used [0x00000000eed80000,0x00000000eed80000,0x00000000fe600000)
  from space 1024K, 56% used [0x00000000ff200000,0x00000000ff290000,0x00000000ff300000)
  to   space 6656K, 0% used [0x00000000ff300000,0x00000000ff300000,0x00000000ff980000)
 ParOldGen       total 35840K, used 13792K [0x00000000cc800000, 0x00000000ceb00000, 0x00000000eed80000)
  object space 35840K, 38% used [0x00000000cc800000,0x00000000cd578268,0x00000000ceb00000)
 Metaspace       used 31554K, capacity 32180K, committed 32432K, reserved 1077248K
  class space    used 3792K, capacity 4001K, committed 4016K, reserved 1048576K
}
Event: 2620.937 GC heap before
{Heap before GC invocations=39 (full 1):
 PSYoungGen      total 255488K, used 255040K [0x00000000eed80000, 0x00000000ff980000, 0x0000000100000000)
  eden space 254464K, 100% used [0x00000000eed80000,0x00000000fe600000,0x00000000fe600000)
  from space 1024K, 56% used [0x00000000ff200000,0x00000000ff290000,0x00000000ff300000)
  to   space 6656K, 0% used [0x00000000ff300000,0x00000000ff300000,0x00000000ff980000)
 ParOldGen       total 35840K, used 13792K [0x00000000cc800000, 0x00000000ceb00000, 0x00000000eed80000)
  object space 35840K, 38% used [0x00000000cc800000,0x00000000cd578268,0x00000000ceb00000)
 Metaspace       used 31554K, capacity 32180K, committed 32432K, reserved 1077248K
  class space    used 3792K, capacity 4001K, committed 4016K, reserved 1048576K
Event: 2620.940 GC heap after
Heap after GC invocations=39 (full 1):
 PSYoungGen      total 243200K, used 160K [0x00000000eed80000, 0x00000000ff380000, 0x0000000100000000)
  eden space 242688K, 0% used [0x00000000eed80000,0x00000000eed80000,0x00000000fda80000)
  from space 512K, 31% used [0x00000000ff300000,0x00000000ff328000,0x00000000ff380000)
  to   space 7168K, 0% used [0x00000000fe580000,0x00000000fe580000,0x00000000fec80000)
 ParOldGen       total 35840K, used 13792K [0x00000000cc800000, 0x00000000ceb00000, 0x00000000eed80000)
  object space 35840K, 38% used [0x00000000cc800000,0x00000000cd578268,0x00000000ceb00000)
 Metaspace       used 31554K, capacity 32180K, committed 32432K, reserved 1077248K
  class space    used 3792K, capacity 4001K, committed 4016K, reserved 1048576K
}
Event: 2634.072 GC heap before
{Heap before GC invocations=40 (full 1):
 PSYoungGen      total 243200K, used 242848K [0x00000000eed80000, 0x00000000ff380000, 0x0000000100000000)
  eden space 242688K, 100% used [0x00000000eed80000,0x00000000fda80000,0x00000000fda80000)
  from space 512K, 31% used [0x00000000ff300000,0x00000000ff328000,0x00000000ff380000)
  to   space 7168K, 0% used [0x00000000fe580000,0x00000000fe580000,0x00000000fec80000)
 ParOldGen       total 35840K, used 13792K [0x00000000cc800000, 0x00000000ceb00000, 0x00000000eed80000)
  object space 35840K, 38% used [0x00000000cc800000,0x00000000cd578268,0x00000000ceb00000)
 Metaspace       used 31554K, capacity 32180K, committed 32432K, reserved 1077248K
  class space    used 3792K, capacity 4001K, committed 4016K, reserved 1048576K
Event: 2634.236 GC heap after
Heap after GC invocations=40 (full 1):
 PSYoungGen      total 239104K, used 160K [0x00000000eed80000, 0x00000000ff380000, 0x0000000100000000)
  eden space 231936K, 0% used [0x00000000eed80000,0x00000000eed80000,0x00000000fd000000)
  from space 7168K, 2% used [0x00000000fe580000,0x00000000fe5a8000,0x00000000fec80000)
  to   space 7168K, 0% used [0x00000000fec80000,0x00000000fec80000,0x00000000ff380000)
 ParOldGen       total 35840K, used 13792K [0x00000000cc800000, 0x00000000ceb00000, 0x00000000eed80000)
  object space 35840K, 38% used [0x00000000cc800000,0x00000000cd578268,0x00000000ceb00000)
 Metaspace       used 31554K, capacity 32180K, committed 32432K, reserved 1077248K
  class space    used 3792K, capacity 4001K, committed 4016K, reserved 1048576K
}
Event: 2648.651 GC heap before
{Heap before GC invocations=41 (full 1):
 PSYoungGen      total 239104K, used 232096K [0x00000000eed80000, 0x00000000ff380000, 0x0000000100000000)
  eden space 231936K, 100% used [0x00000000eed80000,0x00000000fd000000,0x00000000fd000000)
  from space 7168K, 2% used [0x00000000fe580000,0x00000000fe5a8000,0x00000000fec80000)
  to   space 7168K, 0% used [0x00000000fec80000,0x00000000fec80000,0x00000000ff380000)
 ParOldGen       total 35840K, used 13792K [0x00000000cc800000, 0x00000000ceb00000, 0x00000000eed80000)
  object space 35840K, 38% used [0x00000000cc800000,0x00000000cd578268,0x00000000ceb00000)
 Metaspace       used 31554K, capacity 32180K, committed 32432K, reserved 1077248K
  class space    used 3792K, capacity 4001K, committed 4016K, reserved 1048576K
Event: 2648.673 GC heap after
Heap after GC invocations=41 (full 1):
 PSYoungGen      total 222208K, used 192K [0x00000000eed80000, 0x00000000fed00000, 0x0000000100000000)
  eden space 221696K, 0% used [0x00000000eed80000,0x00000000eed80000,0x00000000fc600000)
  from space 512K, 37% used [0x00000000fec80000,0x00000000fecb0000,0x00000000fed00000)
  to   space 7168K, 0% used [0x00000000fdf00000,0x00000000fdf00000,0x00000000fe600000)
 ParOldGen       total 35840K, used 13792K [0x00000000cc800000, 0x00000000ceb00000, 0x00000000eed80000)
  object space 35840K, 38% used [0x00000000cc800000,0x00000000cd578268,0x00000000ceb00000)
 Metaspace       used 31554K, capacity 32180K, committed 32432K, reserved 1077248K
  class space    used 3792K, capacity 4001K, committed 4016K, reserved 1048576K
}
Event: 2685.417 GC heap before
{Heap before GC invocations=42 (full 1):
 PSYoungGen      total 222208K, used 221888K [0x00000000eed80000, 0x00000000fed00000, 0x0000000100000000)
  eden space 221696K, 100% used [0x00000000eed80000,0x00000000fc600000,0x00000000fc600000)
  from space 512K, 37% used [0x00000000fec80000,0x00000000fecb0000,0x00000000fed00000)
  to   space 7168K, 0% used [0x00000000fdf00000,0x00000000fdf00000,0x00000000fe600000)
 ParOldGen       total 35840K, used 13792K [0x00000000cc800000, 0x00000000ceb00000, 0x00000000eed80000)
  object space 35840K, 38% used [0x00000000cc800000,0x00000000cd578268,0x00000000ceb00000)
 Metaspace       used 31554K, capacity 32180K, committed 32432K, reserved 1077248K
  class space    used 3792K, capacity 4001K, committed 4016K, reserved 1048576K
Event: 2685.419 GC heap after
Heap after GC invocations=42 (full 1):
 PSYoungGen      total 219136K, used 160K [0x00000000eed80000, 0x00000000fed00000, 0x0000000100000000)
  eden space 211968K, 0% used [0x00000000eed80000,0x00000000eed80000,0x00000000fbc80000)
  from space 7168K, 2% used [0x00000000fdf00000,0x00000000fdf28000,0x00000000fe600000)
  to   space 6656K, 0% used [0x00000000fe680000,0x00000000fe680000,0x00000000fed00000)
 ParOldGen       total 35840K, used 13792K [0x00000000cc800000, 0x00000000ceb00000, 0x00000000eed80000)
  object space 35840K, 38% used [0x00000000cc800000,0x00000000cd578268,0x00000000ceb00000)
 Metaspace       used 31554K, capacity 32180K, committed 32432K, reserved 1077248K
  class space    used 3792K, capacity 4001K, committed 4016K, reserved 1048576K
}

